2021-07-04 18:59:37,849 [    INFO] start
2021-07-04 18:59:37,914 [    INFO] end
2021-07-04 19:00:32,930 [    INFO] start
2021-07-04 19:00:32,931 [    INFO] file:.\tmp\LH02I00.dat.20180801223429
2021-07-04 19:00:32,988 [    INFO] end
2021-07-04 19:09:31,951 [    INFO] start
2021-07-04 19:09:31,998 [    INFO] Success!! file:.\tmp\LH02I00.dat.20180801223429
2021-07-04 19:09:31,998 [    INFO] end
2021-07-09 16:16:04,438 [    INFO] start
2021-07-09 16:16:04,454 [    INFO] Success!! file:ヒマラヤＥＤＩ発注受信(発注伝票ヘッダ)\S12I00.dat.20210322095842_B.dat
2021-07-09 16:16:04,454 [    INFO] end
2021-07-09 16:16:43,598 [    INFO] start
2021-07-09 16:16:43,609 [    INFO] Success!! file:ヒマラヤＥＤＩ発注受信(発注ファイルヘッダ)\S12I00.dat.20210322095842_A.dat
2021-07-09 16:16:43,610 [    INFO] end
2021-07-09 16:16:43,759 [    INFO] start
2021-07-09 16:16:43,765 [    INFO] Success!! file:ヒマラヤＥＤＩ発注受信(発注伝票ヘッダ)\S12I00.dat.20210322095842_B.dat
2021-07-09 16:16:43,765 [    INFO] end
2021-07-09 16:16:43,911 [    INFO] start
2021-07-09 16:16:43,938 [    INFO] Success!! file:ヒマラヤＥＤＩ発注受信(発注伝票明細)\S12I00.dat.20210322095842_D.dat
2021-07-09 16:16:43,939 [    INFO] end
2021-07-09 16:16:44,126 [    INFO] start
2021-07-09 16:16:44,143 [    INFO] Success!! file:ヴィクトリアＥＤＩ発注受信(受信ヘッダ)\S13I00.dat.20210325100054_M.dat
2021-07-09 16:16:44,144 [    INFO] end
2021-07-09 16:16:44,329 [    INFO] start
2021-07-09 16:16:44,344 [    INFO] Success!! file:ヴィクトリアＥＤＩ発注受信(明細)\S13I00.dat.20210325100054_R.dat
2021-07-09 16:16:44,344 [    INFO] end
2021-07-09 16:16:44,527 [    INFO] start
2021-07-09 16:16:44,580 [    INFO] Success!! file:アマゾン発注データ(EDI)受信\S15I00.dat.20210209174038
2021-07-09 16:16:44,581 [    INFO] end
2021-07-09 16:16:44,771 [    INFO] start
2021-07-09 16:16:44,791 [    INFO] Success!! file:アマゾン発注データ(WEB)受信\S16I00.dat.20210325152114
2021-07-09 16:16:44,792 [    INFO] end
2021-07-09 16:16:44,966 [    INFO] start
2021-07-09 16:16:44,980 [    INFO] Success!! file:ネクサスタケダＥＤＩ発注受信(ファイルヘッダ)\S18I00.dat.20210317094904_A.dat
2021-07-09 16:16:44,982 [    INFO] end
2021-07-09 16:16:45,180 [    INFO] start
2021-07-09 16:16:45,197 [    INFO] Success!! file:ネクサスタケダＥＤＩ発注受信(発注ヘッダ)\S18I00.dat.20210317094904_B.dat
2021-07-09 16:16:45,198 [    INFO] end
2021-07-09 16:16:45,392 [    INFO] start
2021-07-09 16:16:45,409 [    INFO] Success!! file:ネクサスタケダＥＤＩ発注受信(明細レコード)\S18I00.dat.20210317094904_D.dat
2021-07-09 16:16:45,410 [    INFO] end
2021-07-09 16:16:45,599 [    INFO] start
2021-07-09 16:16:45,613 [    INFO] Success!! file:フジＢＭＳ発注受信(Ａ)\LS53I00.dat.20210222101033_A.dat
2021-07-09 16:16:45,614 [    INFO] end
2021-07-09 16:16:45,802 [    INFO] start
2021-07-09 16:16:45,821 [    INFO] Success!! file:フジＢＭＳ発注受信(B)\LS53I00.dat.20210222101033_B.dat
2021-07-09 16:16:45,822 [    INFO] end
2021-07-09 16:16:45,997 [    INFO] start
2021-07-09 16:16:46,013 [    INFO] Success!! file:フジＢＭＳ発注受信(Ｃ)\LS53I00.dat.20210222101033_C.dat
2021-07-09 16:16:46,014 [    INFO] end
2021-07-09 16:16:46,211 [    INFO] start
2021-07-09 16:16:46,226 [    INFO] Success!! file:メガスポーツＥＤＩ発注受信(Ａ)\LS59I00.dat.20210316083053_A.dat
2021-07-09 16:16:46,227 [    INFO] end
2021-07-09 16:16:46,412 [    INFO] start
2021-07-09 16:16:46,435 [    INFO] Success!! file:メガスポーツＥＤＩ発注受信(B)\LS59I00.dat.20210316083053_B.dat
2021-07-09 16:16:46,436 [    INFO] end
2021-07-09 16:16:46,609 [    INFO] start
2021-07-09 16:16:46,658 [    INFO] Success!! file:メガスポーツＥＤＩ発注受信(Ｃ)\LS59I00.dat.20210316083053_C.dat
2021-07-09 16:16:46,660 [    INFO] end
2021-07-09 16:16:46,845 [    INFO] start
2021-07-09 16:16:46,865 [    INFO] Success!! file:チヨダＥＤＩ発注受信\LS62I00.csv.20210316091031
2021-07-09 16:16:46,866 [    INFO] end
2021-07-09 16:16:47,057 [    INFO] start
2021-07-09 16:16:47,078 [    INFO] Success!! file:ヨドバシＥＤＩ発注受信(ヘッダ)\LS64I00.dat.20210316090121_H.dat
2021-07-09 16:16:47,079 [    INFO] end
2021-07-09 16:16:47,265 [    INFO] start
2021-07-09 16:16:47,292 [    INFO] Success!! file:ヨドバシＥＤＩ発注受信(明細)\LS64I00.dat.20210316090121_M.dat
2021-07-09 16:16:47,294 [    INFO] end
2021-07-09 16:16:47,481 [    INFO] start
2021-07-09 16:16:47,502 [    INFO] Success!! file:ゼビオＡＳＮ送信(取引先ヘッダ)\LS20I00_20210623211028.20.dat_02A.dat
2021-07-09 16:16:47,504 [    INFO] end
2021-07-09 16:16:47,693 [    INFO] start
2021-07-09 16:16:47,712 [    INFO] Success!! file:ゼビオＡＳＮ送信(納入先ヘッダ)\LS20I00_20210623211028.20.dat_02B.dat
2021-07-09 16:16:47,713 [    INFO] end
2021-07-09 16:16:47,902 [    INFO] start
2021-07-09 16:16:48,011 [    INFO] Success!! file:ゼビオＡＳＮ送信(梱包レコード)\LS20I00_20210623211028.20.dat_02C.dat
2021-07-09 16:16:48,012 [    INFO] end
2021-07-09 16:16:48,187 [    INFO] start
2021-07-09 16:16:48,325 [    INFO] Success!! file:ゼビオＡＳＮ(明細レコード)\LS20I00_20210623211028.20.dat_02D.dat
2021-07-09 16:16:48,327 [    INFO] end
2021-07-09 16:16:48,509 [    INFO] start
2021-07-09 16:16:48,527 [    INFO] Success!! file:ゼビオＡＳＮ送信(欠品レコード)\LS20I00_20210623211028.20.dat_02G.dat
2021-07-09 16:16:48,529 [    INFO] end
2021-07-09 16:16:48,729 [    INFO] start
2021-07-09 16:16:48,743 [    INFO] Success!! file:ゼビオ客注納品送信(ヘッダ)\LS21I00_20210617220017.32.dat_B.dat
2021-07-09 16:16:48,744 [    INFO] end
2021-07-09 16:16:48,939 [    INFO] start
2021-07-09 16:16:48,956 [    INFO] Success!! file:ゼビオ客注納品送信(伝票明細)\LS21I00_20210617220017.32.dat_H.dat
2021-07-09 16:16:48,956 [    INFO] end
2021-07-09 16:16:49,144 [    INFO] start
2021-07-09 16:16:49,165 [    INFO] Success!! file:ヴィクトリアＡＳＮ送信(取引先ヘッダ)\LS22I00_20210617211015.43.dat_02A.dat
2021-07-09 16:16:49,166 [    INFO] end
2021-07-09 16:16:49,341 [    INFO] start
2021-07-09 16:16:49,362 [    INFO] Success!! file:ヴィクトリアＡＳＮ送信(納入先ヘッダ)\LS22I00_20210617211015.43.dat_02B.dat
2021-07-09 16:16:49,363 [    INFO] end
2021-07-09 16:16:49,561 [    INFO] start
2021-07-09 16:16:49,597 [    INFO] Success!! file:ヴィクトリアＡＳＮ送信(梱包レコード)\LS22I00_20210617211015.43.dat_02C.dat
2021-07-09 16:16:49,601 [    INFO] end
2021-07-09 16:16:49,775 [    INFO] start
2021-07-09 16:16:49,797 [    INFO] Success!! file:ヴィクトリアＡＳＮ(明細レコード)\LS22I00_20210617211015.43.dat_02D.dat
2021-07-09 16:16:49,801 [    INFO] end
2021-07-09 16:16:49,986 [    INFO] start
2021-07-09 16:16:50,002 [    INFO] Success!! file:ヴィクトリアＡＳＮ送信(欠品レコード)\LS22I00_20210617211015.43.dat_02G.dat
2021-07-09 16:16:50,005 [    INFO] end
2021-07-09 16:16:50,196 [    INFO] start
2021-07-09 16:16:50,212 [    INFO] Success!! file:ヴィクトリア客注納品送信(ヘッダ)\LS23I00_20210617220018.44.dat_B.dat
2021-07-09 16:16:50,214 [    INFO] end
2021-07-09 16:16:50,399 [    INFO] start
2021-07-09 16:16:50,413 [    INFO] Success!! file:ヴィクトリア客注納品送信(伝票明細)\LS23I00_20210617220018.44.dat_H.dat
2021-07-09 16:16:50,417 [    INFO] end
2021-07-09 16:16:50,629 [    INFO] start
2021-07-09 16:16:50,645 [    INFO] Success!! file:ヒマラヤ納品送信(納品ファイルヘッダ)\LS27I00_20210617220017.05.dat_A.dat
2021-07-09 16:16:50,645 [    INFO] end
2021-07-09 16:16:50,825 [    INFO] start
2021-07-09 16:16:50,842 [    INFO] Success!! file:ヒマラヤ納品送信(納品ＳＣＭヘッダ)\LS27I00_20210617220017.05.dat_B.dat
2021-07-09 16:16:50,843 [    INFO] end
2021-07-09 16:16:51,040 [    INFO] start
2021-07-09 16:16:51,100 [    INFO] Success!! file:ヒマラヤ納品送信(納品伝票ヘッダ)\LS27I00_20210617220017.05.dat_D.dat
2021-07-09 16:16:51,101 [    INFO] end
2021-07-09 16:16:51,272 [    INFO] start
2021-07-09 16:16:51,287 [    INFO] Success!! file:ヒマラヤ納品送信(納品伝票明細)\LS27I00_20210617220017.05.dat_F.dat
2021-07-09 16:16:51,288 [    INFO] end
2021-07-09 16:16:51,480 [    INFO] start
2021-07-09 16:16:51,496 [    INFO] Success!! file:ヒマラヤ納品送信(納品伝票トレーラー)\LS27I00_20210617220017.05.dat_G.dat
2021-07-09 16:16:51,496 [    INFO] end
2021-07-09 16:16:51,689 [    INFO] start
2021-07-09 16:16:51,704 [    INFO] Success!! file:ヒマラヤ客注納品送信(客注納品ファイルヘッダ)\LS28I00_20210617220024.24.dat_A.dat
2021-07-09 16:16:51,705 [    INFO] end
2021-07-09 16:16:51,885 [    INFO] start
2021-07-09 16:16:51,900 [    INFO] Success!! file:ヒマラヤ客注納品送信(客注納品伝票ヘッダ)\LS28I00_20210617220024.24.dat_B.dat
2021-07-09 16:16:51,901 [    INFO] end
2021-07-09 16:16:52,095 [    INFO] start
2021-07-09 16:16:52,110 [    INFO] Success!! file:ヒマラヤ客注納品送信(客注納品伝票明細)\LS28I00_20210617220024.24.dat_D.dat
2021-07-09 16:16:52,111 [    INFO] end
2021-07-09 16:16:52,298 [    INFO] start
2021-07-09 16:16:52,351 [    INFO] Success!! file:アルペンＡＳＮ送信(取引先ヘッダ)\LS32I01_20210625220016.14.dat_02A.dat
2021-07-09 16:16:52,351 [    INFO] end
2021-07-09 16:16:52,540 [    INFO] start
2021-07-09 16:16:52,555 [    INFO] Success!! file:アルペンＡＳＮ送信(納入先ヘッダ)\LS32I01_20210625220016.14.dat_02B.dat
2021-07-09 16:16:52,557 [    INFO] end
2021-07-09 16:16:52,739 [    INFO] start
2021-07-09 16:16:52,767 [    INFO] Success!! file:アルペンＡＳＮ送信(梱包レコード）\LS32I01_20210625220016.14.dat_02C.dat
2021-07-09 16:16:52,768 [    INFO] end
2021-07-09 16:16:52,949 [    INFO] start
2021-07-09 16:16:52,984 [    INFO] Success!! file:アルペンＡＳＮ送信(商品明細レコード)\LS32I01_20210625220016.14.dat_02D.dat
2021-07-09 16:16:52,985 [    INFO] end
2021-07-09 16:16:53,180 [    INFO] start
2021-07-09 16:16:53,195 [    INFO] Success!! file:アマゾン出荷データ送信(ファイルヘッダ)\LS31I00_20210617220017.49.dat_A.dat
2021-07-09 16:16:53,196 [    INFO] end
2021-07-09 16:16:53,379 [    INFO] start
2021-07-09 16:16:53,396 [    INFO] Success!! file:アマゾン出荷データ送信(伝票ヘッダ)\LS31I00_20210617220017.49.dat_B.dat
2021-07-09 16:16:53,399 [    INFO] end
2021-07-09 16:16:53,587 [    INFO] start
2021-07-09 16:16:53,603 [    INFO] Success!! file:アマゾン出荷データ送信(出荷情報レコード)\LS31I00_20210617220017.49.dat_C.dat
2021-07-09 16:16:53,605 [    INFO] end
2021-07-09 16:16:53,797 [    INFO] start
2021-07-09 16:16:53,821 [    INFO] Success!! file:アマゾン出荷データ送信(パッケージコード)\LS31I00_20210617220017.49.dat_I.dat
2021-07-09 16:16:53,822 [    INFO] end
2021-07-09 16:16:54,015 [    INFO] start
2021-07-09 16:16:54,033 [    INFO] Success!! file:アマゾン出荷データ送信(注文情報レコード)\LS31I00_20210617220017.49.dat_N.dat
2021-07-09 16:16:54,037 [    INFO] end
2021-07-09 16:16:54,224 [    INFO] start
2021-07-09 16:16:54,240 [    INFO] Success!! file:アマゾン出荷データ送信(パッケージレコード)\LS31I00_20210617220017.49.dat_O.dat
2021-07-09 16:16:54,241 [    INFO] end
2021-07-09 16:16:54,429 [    INFO] start
2021-07-09 16:16:54,444 [    INFO] Success!! file:アマゾン出荷データ送信(商品情報レコード)\LS31I00_20210617220017.49.dat_P.dat
2021-07-09 16:16:54,445 [    INFO] end
2021-07-09 16:16:54,638 [    INFO] start
2021-07-09 16:16:54,653 [    INFO] Success!! file:アマゾン出荷データ送信(出荷元情報レコード)\LS31I00_20210617220017.49.dat_S.dat
2021-07-09 16:16:54,654 [    INFO] end
2021-07-09 16:16:54,848 [    INFO] start
2021-07-09 16:16:54,864 [    INFO] Success!! file:ネクサスタケダＡＳＮ送信(納入ファイルヘッダ)\LS25I00_20210617220016.36.dat_A.dat
2021-07-09 16:16:54,865 [    INFO] end
2021-07-09 16:16:55,061 [    INFO] start
2021-07-09 16:16:55,080 [    INFO] Success!! file:ネクサスタケダＡＳＮ送信(納品伝票ヘッダ)\LS25I00_20210617220016.36.dat_B.dat
2021-07-09 16:16:55,081 [    INFO] end
2021-07-09 16:16:55,278 [    INFO] start
2021-07-09 16:16:55,293 [    INFO] Success!! file:ネクサスタケダＡＳＮ送信(納品伝票明細)\LS25I00_20210617220016.36.dat_D.dat
2021-07-09 16:16:55,294 [    INFO] end
2021-07-09 16:16:55,493 [    INFO] start
2021-07-09 16:16:55,508 [    INFO] Success!! file:ネクサスタケダ(客注)ＡＳＮ送信(納入ファイルヘッダ)\LS26I00_20210617220022.80.dat_A.dat
2021-07-09 16:16:55,509 [    INFO] end
2021-07-09 16:16:55,714 [    INFO] start
2021-07-09 16:16:55,731 [    INFO] Success!! file:ネクサスタケダ(客注)ＡＳＮ送信(納品伝票ヘッダ)\LS26I00_20210617220022.80.dat_B.dat
2021-07-09 16:16:55,733 [    INFO] end
2021-07-09 16:16:55,931 [    INFO] start
2021-07-09 16:16:55,947 [    INFO] Success!! file:ネクサスタケダ(客注)ＡＳＮ送信(納品伝票明細)\LS26I00_20210617220022.80.dat_D.dat
2021-07-09 16:16:55,948 [    INFO] end
2021-07-09 16:16:56,129 [    INFO] start
2021-07-09 16:16:56,144 [    INFO] Success!! file:フジＡＳＮ送信(ＢＭＳ出荷_Ａ)\LS54I01_20210421163948537.dat_A.dat
2021-07-09 16:16:56,145 [    INFO] end
2021-07-09 16:16:56,333 [    INFO] start
2021-07-09 16:16:56,348 [    INFO] Success!! file:フジＡＳＮ送信(ＢＭＳ出荷_B)\LS54I01_20210421163948537.dat_B.dat
2021-07-09 16:16:56,349 [    INFO] end
2021-07-09 16:16:56,548 [    INFO] start
2021-07-09 16:16:56,596 [    INFO] Success!! file:フジＡＳＮ送信(ＢＭＳ出荷_C)\LS54I01_20210421163948537.dat_C.dat
2021-07-09 16:16:56,599 [    INFO] end
2021-07-09 16:16:56,784 [    INFO] start
2021-07-09 16:16:56,803 [    INFO] Success!! file:フジＡＳＮ送信(ＢＭＳ出荷_D)\LS54I01_20210421163948537.dat_D.dat
2021-07-09 16:16:56,804 [    INFO] end
2021-07-09 16:16:56,998 [    INFO] start
2021-07-09 16:16:57,019 [    INFO] Success!! file:フジＡＳＮ送信(ＢＭＳ出荷_E)\LS54I01_20210421163948537.dat_E.dat
2021-07-09 16:16:57,021 [    INFO] end
2021-07-09 16:16:57,214 [    INFO] start
2021-07-09 16:16:57,243 [    INFO] Success!! file:フジＡＳＮ送信(ＢＭＳ出荷_F)\LS54I01_20210421163948537.dat_F.dat
2021-07-09 16:16:57,245 [    INFO] end
2021-07-09 16:16:57,438 [    INFO] start
2021-07-09 16:16:57,457 [    INFO] Success!! file:フジＡＳＮ送信(ＢＭＳ出荷_H)\LS54I01_20210421163948537.dat_H.dat
2021-07-09 16:16:57,458 [    INFO] end
2021-07-09 16:16:57,655 [    INFO] start
2021-07-09 16:16:57,673 [    INFO] Success!! file:ASN実績情報（メガスポーツＡＳＮ送信）(A)\LS60I00_001_20210628220127.33.dat_A.dat
2021-07-09 16:16:57,674 [    INFO] end
2021-07-09 16:16:57,863 [    INFO] start
2021-07-09 16:16:57,878 [    INFO] Success!! file:ASN実績情報（メガスポーツＡＳＮ送信）(B)\LS60I00_001_20210628220127.33.dat_B.dat
2021-07-09 16:16:57,880 [    INFO] end
2021-07-09 16:16:58,081 [    INFO] start
2021-07-09 16:16:58,099 [    INFO] Success!! file:ASN実績情報（メガスポーツＡＳＮ送信）(C)\LS60I00_001_20210628220127.33.dat_C.dat
2021-07-09 16:16:58,101 [    INFO] end
2021-07-09 16:16:58,291 [    INFO] start
2021-07-09 16:16:58,317 [    INFO] Success!! file:ASN実績情報（メガスポーツＡＳＮ送信）(D)\LS60I00_001_20210628220127.33.dat_D.dat
2021-07-09 16:16:58,318 [    INFO] end
2021-07-09 16:16:58,512 [    INFO] start
2021-07-09 16:16:58,545 [    INFO] Success!! file:ASN実績情報（メガスポーツＡＳＮ送信）(E)\LS60I00_001_20210628220127.33.dat_E.dat
2021-07-09 16:16:58,547 [    INFO] end
2021-07-09 16:16:58,739 [    INFO] start
2021-07-09 16:16:58,754 [    INFO] Success!! file:チヨダＥＤＩ出荷実績\LS63I00_20210623220017.50.csv
2021-07-09 16:16:58,755 [    INFO] end
2021-07-09 16:16:58,955 [    INFO] start
2021-07-09 16:16:58,970 [    INFO] Success!! file:ASN実績情報（ヨドバシＡＳＮ送信）(ヘッダ)\LS65I01_20210623151306.dat_H.dat
2021-07-09 16:16:58,972 [    INFO] end
2021-07-09 16:16:59,165 [    INFO] start
2021-07-09 16:16:59,197 [    INFO] Success!! file:ASN実績情報（ヨドバシＡＳＮ送信）(梱包)\LS65I01_20210623151306.dat_M.dat
2021-07-09 16:16:59,200 [    INFO] end
2021-07-09 16:16:59,391 [    INFO] start
2021-07-09 16:16:59,409 [    INFO] Success!! file:ASN実績情報（ヨドバシＡＳＮ送信）(明細)\LS65I01_20210623151306.dat_N.dat
2021-07-09 16:16:59,410 [    INFO] end
2021-07-09 16:16:59,593 [    INFO] start
2021-07-09 16:16:59,609 [    INFO] Success!! file:ゼビオ欠品送信(取引先ヘッダ)\LS35I00_20210618 91128.85.dat_02A.dat
2021-07-09 16:16:59,610 [    INFO] end
2021-07-09 16:16:59,799 [    INFO] start
2021-07-09 16:16:59,814 [    INFO] Success!! file:ゼビオ欠品送信(納入先ヘッダ)\LS35I00_20210618 91128.85.dat_02B.dat
2021-07-09 16:16:59,815 [    INFO] end
2021-07-09 16:17:00,022 [    INFO] start
2021-07-09 16:17:00,043 [    INFO] Success!! file:ゼビオ欠品送信(梱包レコード)\LS35I00_20210618 91128.85.dat_02C.dat
2021-07-09 16:17:00,045 [    INFO] end
2021-07-09 16:17:00,227 [    INFO] start
2021-07-09 16:17:00,241 [    INFO] Success!! file:ゼビオ欠品(明細レコード)\LS35I00_20210618 91128.85.dat_02D.dat
2021-07-09 16:17:00,242 [    INFO] end
2021-07-09 16:17:00,444 [    INFO] start
2021-07-09 16:17:00,463 [    INFO] Success!! file:ゼビオ欠品送信(欠品レコード)\LS35I00_20210618 91128.85.dat_02G.dat
2021-07-09 16:17:00,464 [    INFO] end
2021-07-09 16:17:00,647 [    INFO] start
2021-07-09 16:17:00,661 [    INFO] Success!! file:ヴィクトリア欠品送信(取引先ヘッダ)\LS36I00_20210618 90050.04.dat_02A.dat
2021-07-09 16:17:00,662 [    INFO] end
2021-07-09 16:17:00,853 [    INFO] start
2021-07-09 16:17:00,868 [    INFO] Success!! file:ヴィクトリア欠品送信(納入先ヘッダ)\LS36I00_20210618 90050.04.dat_02B.dat
2021-07-09 16:17:00,869 [    INFO] end
2021-07-09 16:17:01,066 [    INFO] start
2021-07-09 16:17:01,080 [    INFO] Success!! file:ヴィクトリア欠品送信(梱包レコード)\LS36I00_20210618 90050.04.dat_02C.dat
2021-07-09 16:17:01,082 [    INFO] end
2021-07-09 16:17:01,272 [    INFO] start
2021-07-09 16:17:01,286 [    INFO] Success!! file:ヴィクトリア欠品(明細レコード)\LS36I00_20210618 90050.04.dat_02D.dat
2021-07-09 16:17:01,287 [    INFO] end
2021-07-09 16:17:01,473 [    INFO] start
2021-07-09 16:17:01,492 [    INFO] Success!! file:ヴィクトリア欠品送信(欠品レコード)\LS36I00_20210618 90050.04.dat_02G.dat
2021-07-09 16:17:01,496 [    INFO] end
2021-07-09 16:17:01,684 [    INFO] start
2021-07-09 16:17:01,723 [    INFO] Success!! file:ネクサスタケダ欠品送信(納入ファイルヘッダ)\LS38I00_20210621 93204.85.dat_A.dat
2021-07-09 16:17:01,723 [    INFO] end
2021-07-09 16:17:01,912 [    INFO] start
2021-07-09 16:17:01,928 [    INFO] Success!! file:ネクサスタケダ欠品送信(納品伝票ヘッダ)\LS38I00_20210621 93204.85.dat_B.dat
2021-07-09 16:17:01,929 [    INFO] end
2021-07-09 16:17:02,145 [    INFO] start
2021-07-09 16:17:02,165 [    INFO] Success!! file:ネクサスタケダ欠品送信(納品伝票明細)\LS38I00_20210621 93204.85.dat_D.dat
2021-07-09 16:17:02,167 [    INFO] end
2021-07-09 16:17:02,347 [    INFO] start
2021-07-09 16:17:02,362 [    INFO] Success!! file:フジ欠品送信(ＢＭＳ出荷_Ａ)\LS55I00_20210622103009.93.dat_A.dat
2021-07-09 16:17:02,363 [    INFO] end
2021-07-09 16:17:02,563 [    INFO] start
2021-07-09 16:17:02,579 [    INFO] Success!! file:フジ欠品送信(ＢＭＳ出荷_B)\LS55I00_20210622103009.93.dat_B.dat
2021-07-09 16:17:02,580 [    INFO] end
2021-07-09 16:17:02,777 [    INFO] start
2021-07-09 16:17:02,795 [    INFO] Success!! file:フジ欠品送信(ＢＭＳ出荷_C)\LS55I00_20210622103009.93.dat_C.dat
2021-07-09 16:17:02,796 [    INFO] end
2021-07-09 16:17:02,986 [    INFO] start
2021-07-09 16:17:03,000 [    INFO] Success!! file:フジ欠品送信(ＢＭＳ出荷_D)\LS55I00_20210622103009.93.dat_D.dat
2021-07-09 16:17:03,001 [    INFO] end
2021-07-09 16:17:03,195 [    INFO] start
2021-07-09 16:17:03,209 [    INFO] Success!! file:フジ欠品送信(ＢＭＳ出荷_E)\LS55I00_20210622103009.93.dat_E.dat
2021-07-09 16:17:03,211 [    INFO] end
2021-07-09 16:17:03,408 [    INFO] start
2021-07-09 16:17:03,423 [    INFO] Success!! file:フジ欠品送信(ＢＭＳ出荷_F)\LS55I00_20210622103009.93.dat_F.dat
2021-07-09 16:17:03,424 [    INFO] end
2021-07-09 16:17:03,612 [    INFO] start
2021-07-09 16:17:03,627 [    INFO] Success!! file:フジ欠品送信(ＢＭＳ出荷_H)\LS55I00_20210622103009.93.dat_H.dat
2021-07-09 16:17:03,628 [    INFO] end
2021-07-09 16:17:03,805 [    INFO] start
2021-07-09 16:17:03,823 [    INFO] Success!! file:福山通運送り状データ\LS41I01_20210625163248086.dat
2021-07-09 16:17:03,824 [    INFO] end
2021-07-09 16:17:04,026 [    INFO] start
2021-07-09 16:17:04,048 [    INFO] Success!! file:ヤマト運輸送り状データ\LS40I01_20210624165243147.dat
2021-07-09 16:17:04,050 [    INFO] end
2021-07-09 16:17:04,225 [    INFO] start
2021-07-09 16:17:04,380 [    INFO] Success!! file:佐川送り状データ\LS42I01_20210628174034094.dat
2021-07-09 16:17:04,381 [    INFO] end
